<?xml version="1.0" encoding="UTF-8"?>
<!-- Generated by org.testng.reporters.JUnitReportReporter -->
<testsuite hostname="DESKTOP-CCPG5IB" failures="0" tests="1" name="TestRunner.CucumberTestRunner" time="39.478" errors="0" timestamp="2024-03-11T14:32:44 IST" skipped="0">
  <testcase classname="TestRunner.CucumberTestRunner" name="runScenario" time="39.478"/>
  <system-out/>
</testsuite> <!-- TestRunner.CucumberTestRunner -->
